The system is: Darwin - 17.7.0 - x86_64
Compiling the C compiler identification source file "CMakeCCompilerId.c" succeeded.
Compiler: /usr/local/bin/gcc-9 
Build flags: 
Id flags:  

The output was:
0


Compilation of the C compiler identification source "CMakeCCompilerId.c" produced "a.out"

The C compiler identification is GNU, found in "/Users/zyd/Qt5.11.2/Project/Sliding/cmake-build-debug/CMakeFiles/3.14.3/CompilerIdC/a.out"

Compiling the CXX compiler identification source file "CMakeCXXCompilerId.cpp" succeeded.
Compiler: /usr/local/bin/g++-9 
Build flags: 
Id flags:  

The output was:
0


Compilation of the CXX compiler identification source "CMakeCXXCompilerId.cpp" produced "a.out"

The CXX compiler identification is GNU, found in "/Users/zyd/Qt5.11.2/Project/Sliding/cmake-build-debug/CMakeFiles/3.14.3/CompilerIdCXX/a.out"

Determining if the C compiler works passed with the following output:
Change Dir: /Users/zyd/Qt5.11.2/Project/Sliding/cmake-build-debug/CMakeFiles/CMakeTmp

Run Build Command(s):/usr/bin/make cmTC_29fe5/fast 
/Applications/Xcode.app/Contents/Developer/usr/bin/make -f CMakeFiles/cmTC_29fe5.dir/build.make CMakeFiles/cmTC_29fe5.dir/build
Building C object CMakeFiles/cmTC_29fe5.dir/testCCompiler.c.o
/usr/local/bin/gcc-9    -o CMakeFiles/cmTC_29fe5.dir/testCCompiler.c.o   -c /Users/zyd/Qt5.11.2/Project/Sliding/cmake-build-debug/CMakeFiles/CMakeTmp/testCCompiler.c
Linking C executable cmTC_29fe5
/Applications/CLion.app/Contents/bin/cmake/mac/bin/cmake -E cmake_link_script CMakeFiles/cmTC_29fe5.dir/link.txt --verbose=1
/usr/local/bin/gcc-9   -Wl,-search_paths_first -Wl,-headerpad_max_install_names   CMakeFiles/cmTC_29fe5.dir/testCCompiler.c.o  -o cmTC_29fe5 


Detecting C compiler ABI info compiled with the following output:
Change Dir: /Users/zyd/Qt5.11.2/Project/Sliding/cmake-build-debug/CMakeFiles/CMakeTmp

Run Build Command(s):/usr/bin/make cmTC_02cd1/fast 
/Applications/Xcode.app/Contents/Developer/usr/bin/make -f CMakeFiles/cmTC_02cd1.dir/build.make CMakeFiles/cmTC_02cd1.dir/build
Building C object CMakeFiles/cmTC_02cd1.dir/CMakeCCompilerABI.c.o
/usr/local/bin/gcc-9   -v -Wl,-v -o CMakeFiles/cmTC_02cd1.dir/CMakeCCompilerABI.c.o   -c /Applications/CLion.app/Contents/bin/cmake/mac/share/cmake-3.14/Modules/CMakeCCompilerABI.c
Using built-in specs.
COLLECT_GCC=/usr/local/bin/gcc-9
Target: x86_64-apple-darwin17
Configured with: ../configure --build=x86_64-apple-darwin17 --prefix=/usr/local/Cellar/gcc/9.2.0_2 --libdir=/usr/local/Cellar/gcc/9.2.0_2/lib/gcc/9 --disable-nls --enable-checking=release --enable-languages=c,c++,objc,obj-c++,fortran --program-suffix=-9 --with-gmp=/usr/local/opt/gmp --with-mpfr=/usr/local/opt/mpfr --with-mpc=/usr/local/opt/libmpc --with-isl=/usr/local/opt/isl --with-system-zlib --with-pkgversion='Homebrew GCC 9.2.0_2' --with-bugurl=https://github.com/Homebrew/homebrew-core/issues --disable-multilib
Thread model: posix
gcc version 9.2.0 (Homebrew GCC 9.2.0_2) 
COLLECT_GCC_OPTIONS='-v' '-o' 'CMakeFiles/cmTC_02cd1.dir/CMakeCCompilerABI.c.o' '-c' '-mmacosx-version-min=10.13.0' '-asm_macosx_version_min=10.13' '-mtune=core2'
 /usr/local/Cellar/gcc/9.2.0_2/libexec/gcc/x86_64-apple-darwin17/9.2.0/cc1 -quiet -v -D__DYNAMIC__ /Applications/CLion.app/Contents/bin/cmake/mac/share/cmake-3.14/Modules/CMakeCCompilerABI.c -fPIC -quiet -dumpbase CMakeCCompilerABI.c -mmacosx-version-min=10.13.0 -mtune=core2 -auxbase-strip CMakeFiles/cmTC_02cd1.dir/CMakeCCompilerABI.c.o -version -o /var/folders/v5/vs_1yjs50gj6y_9lzvnlfds40000gn/T//ccgYFVCV.s
GNU C17 (Homebrew GCC 9.2.0_2) version 9.2.0 (x86_64-apple-darwin17)
	compiled by GNU C version 9.2.0, GMP version 6.1.2, MPFR version 4.0.2, MPC version 1.1.0, isl version isl-0.21-GMP

GGC heuristics: --param ggc-min-expand=100 --param ggc-min-heapsize=131072
ignoring nonexistent directory "/usr/local/Cellar/gcc/9.2.0_2/lib/gcc/9/gcc/x86_64-apple-darwin17/9.2.0/../../../../../../x86_64-apple-darwin17/include"
#include "..." search starts here:
#include <...> search starts here:
 /usr/local/Cellar/gcc/9.2.0_2/lib/gcc/9/gcc/x86_64-apple-darwin17/9.2.0/include
 /usr/local/include
 /usr/local/Cellar/gcc/9.2.0_2/include
 /usr/local/Cellar/gcc/9.2.0_2/lib/gcc/9/gcc/x86_64-apple-darwin17/9.2.0/include-fixed
 /usr/include
 /System/Library/Frameworks
 /Library/Frameworks
End of search list.
GNU C17 (Homebrew GCC 9.2.0_2) version 9.2.0 (x86_64-apple-darwin17)
	compiled by GNU C version 9.2.0, GMP version 6.1.2, MPFR version 4.0.2, MPC version 1.1.0, isl version isl-0.21-GMP

GGC heuristics: --param ggc-min-expand=100 --param ggc-min-heapsize=131072
Compiler executable checksum: 0675ca7d629fdc34f93b3b81f4b829b6
COLLECT_GCC_OPTIONS='-v' '-o' 'CMakeFiles/cmTC_02cd1.dir/CMakeCCompilerABI.c.o' '-c' '-mmacosx-version-min=10.13.0'  '-mtune=core2'
 as -arch x86_64 -v -force_cpusubtype_ALL -mmacosx-version-min=10.13 -o CMakeFiles/cmTC_02cd1.dir/CMakeCCompilerABI.c.o /var/folders/v5/vs_1yjs50gj6y_9lzvnlfds40000gn/T//ccgYFVCV.s
Apple LLVM version 10.0.0 (clang-1000.11.45.5)
Target: x86_64-apple-darwin17.7.0
Thread model: posix
InstalledDir: /Applications/Xcode.app/Contents/Developer/Toolchains/XcodeDefault.xctoolchain/usr/bin
 "/Applications/Xcode.app/Contents/Developer/Toolchains/XcodeDefault.xctoolchain/usr/bin/clang" -cc1as -triple x86_64-apple-macosx10.13.0 -filetype obj -main-file-name ccgYFVCV.s -target-cpu penryn -fdebug-compilation-dir /Users/zyd/Qt5.11.2/Project/Sliding/cmake-build-debug/CMakeFiles/CMakeTmp -dwarf-debug-producer Apple LLVM version 10.0.0 (clang-1000.11.45.5) -dwarf-version=4 -mrelocation-model pic -o CMakeFiles/cmTC_02cd1.dir/CMakeCCompilerABI.c.o /var/folders/v5/vs_1yjs50gj6y_9lzvnlfds40000gn/T//ccgYFVCV.s
COMPILER_PATH=/usr/local/Cellar/gcc/9.2.0_2/libexec/gcc/x86_64-apple-darwin17/9.2.0/:/usr/local/Cellar/gcc/9.2.0_2/libexec/gcc/x86_64-apple-darwin17/9.2.0/:/usr/local/Cellar/gcc/9.2.0_2/libexec/gcc/x86_64-apple-darwin17/:/usr/local/Cellar/gcc/9.2.0_2/lib/gcc/9/gcc/x86_64-apple-darwin17/9.2.0/:/usr/local/Cellar/gcc/9.2.0_2/lib/gcc/9/gcc/x86_64-apple-darwin17/
LIBRARY_PATH=/usr/local/Cellar/gcc/9.2.0_2/lib/gcc/9/gcc/x86_64-apple-darwin17/9.2.0/:/usr/local/Cellar/gcc/9.2.0_2/lib/gcc/9/gcc/x86_64-apple-darwin17/9.2.0/../../../
COLLECT_GCC_OPTIONS='-v' '-o' 'CMakeFiles/cmTC_02cd1.dir/CMakeCCompilerABI.c.o' '-c' '-mmacosx-version-min=10.13.0'  '-mtune=core2'
Linking C executable cmTC_02cd1
/Applications/CLion.app/Contents/bin/cmake/mac/bin/cmake -E cmake_link_script CMakeFiles/cmTC_02cd1.dir/link.txt --verbose=1
/usr/local/bin/gcc-9   -Wl,-search_paths_first -Wl,-headerpad_max_install_names  -v -Wl,-v CMakeFiles/cmTC_02cd1.dir/CMakeCCompilerABI.c.o  -o cmTC_02cd1 
Using built-in specs.
COLLECT_GCC=/usr/local/bin/gcc-9
COLLECT_LTO_WRAPPER=/usr/local/Cellar/gcc/9.2.0_2/libexec/gcc/x86_64-apple-darwin17/9.2.0/lto-wrapper
Target: x86_64-apple-darwin17
Configured with: ../configure --build=x86_64-apple-darwin17 --prefix=/usr/local/Cellar/gcc/9.2.0_2 --libdir=/usr/local/Cellar/gcc/9.2.0_2/lib/gcc/9 --disable-nls --enable-checking=release --enable-languages=c,c++,objc,obj-c++,fortran --program-suffix=-9 --with-gmp=/usr/local/opt/gmp --with-mpfr=/usr/local/opt/mpfr --with-mpc=/usr/local/opt/libmpc --with-isl=/usr/local/opt/isl --with-system-zlib --with-pkgversion='Homebrew GCC 9.2.0_2' --with-bugurl=https://github.com/Homebrew/homebrew-core/issues --disable-multilib
Thread model: posix
gcc version 9.2.0 (Homebrew GCC 9.2.0_2) 
COMPILER_PATH=/usr/local/Cellar/gcc/9.2.0_2/libexec/gcc/x86_64-apple-darwin17/9.2.0/:/usr/local/Cellar/gcc/9.2.0_2/libexec/gcc/x86_64-apple-darwin17/9.2.0/:/usr/local/Cellar/gcc/9.2.0_2/libexec/gcc/x86_64-apple-darwin17/:/usr/local/Cellar/gcc/9.2.0_2/lib/gcc/9/gcc/x86_64-apple-darwin17/9.2.0/:/usr/local/Cellar/gcc/9.2.0_2/lib/gcc/9/gcc/x86_64-apple-darwin17/
LIBRARY_PATH=/usr/local/Cellar/gcc/9.2.0_2/lib/gcc/9/gcc/x86_64-apple-darwin17/9.2.0/:/usr/local/Cellar/gcc/9.2.0_2/lib/gcc/9/gcc/x86_64-apple-darwin17/9.2.0/../../../
COLLECT_GCC_OPTIONS='-v' '-o' 'cmTC_02cd1' '-mmacosx-version-min=10.13.0' '-asm_macosx_version_min=10.13' '-mtune=core2'
 /usr/local/Cellar/gcc/9.2.0_2/libexec/gcc/x86_64-apple-darwin17/9.2.0/collect2 -dynamic -arch x86_64 -macosx_version_min 10.13.0 -weak_reference_mismatches non-weak -o cmTC_02cd1 -L/usr/local/Cellar/gcc/9.2.0_2/lib/gcc/9/gcc/x86_64-apple-darwin17/9.2.0 -L/usr/local/Cellar/gcc/9.2.0_2/lib/gcc/9/gcc/x86_64-apple-darwin17/9.2.0/../../.. -search_paths_first -headerpad_max_install_names -v CMakeFiles/cmTC_02cd1.dir/CMakeCCompilerABI.c.o -no_compact_unwind -lSystem -lgcc_ext.10.5 -lgcc -lSystem -v
collect2 version 9.2.0
/usr/bin/ld -dynamic -arch x86_64 -macosx_version_min 10.13.0 -weak_reference_mismatches non-weak -o cmTC_02cd1 -L/usr/local/Cellar/gcc/9.2.0_2/lib/gcc/9/gcc/x86_64-apple-darwin17/9.2.0 -L/usr/local/Cellar/gcc/9.2.0_2/lib/gcc/9/gcc/x86_64-apple-darwin17/9.2.0/../../.. -search_paths_first -headerpad_max_install_names -v CMakeFiles/cmTC_02cd1.dir/CMakeCCompilerABI.c.o -no_compact_unwind -lSystem -lgcc_ext.10.5 -lgcc -lSystem -v
@(#)PROGRAM:ld  PROJECT:ld64-409.12
BUILD 17:47:51 Sep 25 2018
configured to support archs: armv6 armv7 armv7s arm64 i386 x86_64 x86_64h armv6m armv7k armv7m armv7em arm64e arm64_32
@(#)PROGRAM:ld  PROJECT:ld64-409.12
BUILD 17:47:51 Sep 25 2018
configured to support archs: armv6 armv7 armv7s arm64 i386 x86_64 x86_64h armv6m armv7k armv7m armv7em arm64e arm64_32
Library search paths:
	/usr/local/Cellar/gcc/9.2.0_2/lib/gcc/9/gcc/x86_64-apple-darwin17/9.2.0
	/usr/local/Cellar/gcc/9.2.0_2/lib/gcc/9
	/usr/lib
	/usr/local/lib
Framework search paths:
	/Library/Frameworks/
	/System/Library/Frameworks/


Parsed C implicit include dir info from above output: rv=done
  found start of include info
  found start of implicit include info
    add: [/usr/local/Cellar/gcc/9.2.0_2/lib/gcc/9/gcc/x86_64-apple-darwin17/9.2.0/include]
    add: [/usr/local/include]
    add: [/usr/local/Cellar/gcc/9.2.0_2/include]
    add: [/usr/local/Cellar/gcc/9.2.0_2/lib/gcc/9/gcc/x86_64-apple-darwin17/9.2.0/include-fixed]
    add: [/usr/include]
    add: [/System/Library/Frameworks]
    add: [/Library/Frameworks]
  end of search list found
  collapse include dir [/usr/local/Cellar/gcc/9.2.0_2/lib/gcc/9/gcc/x86_64-apple-darwin17/9.2.0/include] ==> [/usr/local/Cellar/gcc/9.2.0_2/lib/gcc/9/gcc/x86_64-apple-darwin17/9.2.0/include]
  collapse include dir [/usr/local/include] ==> [/usr/local/include]
  collapse include dir [/usr/local/Cellar/gcc/9.2.0_2/include] ==> [/usr/local/Cellar/gcc/9.2.0_2/include]
  collapse include dir [/usr/local/Cellar/gcc/9.2.0_2/lib/gcc/9/gcc/x86_64-apple-darwin17/9.2.0/include-fixed] ==> [/usr/local/Cellar/gcc/9.2.0_2/lib/gcc/9/gcc/x86_64-apple-darwin17/9.2.0/include-fixed]
  collapse include dir [/usr/include] ==> [/usr/include]
  collapse include dir [/System/Library/Frameworks] ==> [/System/Library/Frameworks]
  collapse include dir [/Library/Frameworks] ==> [/Library/Frameworks]
  implicit include dirs: [/usr/local/Cellar/gcc/9.2.0_2/lib/gcc/9/gcc/x86_64-apple-darwin17/9.2.0/include;/usr/local/include;/usr/local/Cellar/gcc/9.2.0_2/include;/usr/local/Cellar/gcc/9.2.0_2/lib/gcc/9/gcc/x86_64-apple-darwin17/9.2.0/include-fixed;/usr/include;/System/Library/Frameworks;/Library/Frameworks]


Parsed C implicit link information from above output:
  link line regex: [^( *|.*[/\])(ld|CMAKE_LINK_STARTFILE-NOTFOUND|([^/\]+-)?ld|collect2)[^/\]*( |$)]
  ignore line: [Change Dir: /Users/zyd/Qt5.11.2/Project/Sliding/cmake-build-debug/CMakeFiles/CMakeTmp]
  ignore line: []
  ignore line: [Run Build Command(s):/usr/bin/make cmTC_02cd1/fast ]
  ignore line: [/Applications/Xcode.app/Contents/Developer/usr/bin/make -f CMakeFiles/cmTC_02cd1.dir/build.make CMakeFiles/cmTC_02cd1.dir/build]
  ignore line: [Building C object CMakeFiles/cmTC_02cd1.dir/CMakeCCompilerABI.c.o]
  ignore line: [/usr/local/bin/gcc-9   -v -Wl,-v -o CMakeFiles/cmTC_02cd1.dir/CMakeCCompilerABI.c.o   -c /Applications/CLion.app/Contents/bin/cmake/mac/share/cmake-3.14/Modules/CMakeCCompilerABI.c]
  ignore line: [Using built-in specs.]
  ignore line: [COLLECT_GCC=/usr/local/bin/gcc-9]
  ignore line: [Target: x86_64-apple-darwin17]
  ignore line: [Configured with: ../configure --build=x86_64-apple-darwin17 --prefix=/usr/local/Cellar/gcc/9.2.0_2 --libdir=/usr/local/Cellar/gcc/9.2.0_2/lib/gcc/9 --disable-nls --enable-checking=release --enable-languages=c,c++,objc,obj-c++,fortran --program-suffix=-9 --with-gmp=/usr/local/opt/gmp --with-mpfr=/usr/local/opt/mpfr --with-mpc=/usr/local/opt/libmpc --with-isl=/usr/local/opt/isl --with-system-zlib --with-pkgversion='Homebrew GCC 9.2.0_2' --with-bugurl=https://github.com/Homebrew/homebrew-core/issues --disable-multilib]
  ignore line: [Thread model: posix]
  ignore line: [gcc version 9.2.0 (Homebrew GCC 9.2.0_2) ]
  ignore line: [COLLECT_GCC_OPTIONS='-v' '-o' 'CMakeFiles/cmTC_02cd1.dir/CMakeCCompilerABI.c.o' '-c' '-mmacosx-version-min=10.13.0' '-asm_macosx_version_min=10.13' '-mtune=core2']
  ignore line: [ /usr/local/Cellar/gcc/9.2.0_2/libexec/gcc/x86_64-apple-darwin17/9.2.0/cc1 -quiet -v -D__DYNAMIC__ /Applications/CLion.app/Contents/bin/cmake/mac/share/cmake-3.14/Modules/CMakeCCompilerABI.c -fPIC -quiet -dumpbase CMakeCCompilerABI.c -mmacosx-version-min=10.13.0 -mtune=core2 -auxbase-strip CMakeFiles/cmTC_02cd1.dir/CMakeCCompilerABI.c.o -version -o /var/folders/v5/vs_1yjs50gj6y_9lzvnlfds40000gn/T//ccgYFVCV.s]
  ignore line: [GNU C17 (Homebrew GCC 9.2.0_2) version 9.2.0 (x86_64-apple-darwin17)]
  ignore line: [	compiled by GNU C version 9.2.0, GMP version 6.1.2, MPFR version 4.0.2, MPC version 1.1.0, isl version isl-0.21-GMP]
  ignore line: []
  ignore line: [GGC heuristics: --param ggc-min-expand=100 --param ggc-min-heapsize=131072]
  ignore line: [ignoring nonexistent directory "/usr/local/Cellar/gcc/9.2.0_2/lib/gcc/9/gcc/x86_64-apple-darwin17/9.2.0/../../../../../../x86_64-apple-darwin17/include"]
  ignore line: [#include "..." search starts here:]
  ignore line: [#include <...> search starts here:]
  ignore line: [ /usr/local/Cellar/gcc/9.2.0_2/lib/gcc/9/gcc/x86_64-apple-darwin17/9.2.0/include]
  ignore line: [ /usr/local/include]
  ignore line: [ /usr/local/Cellar/gcc/9.2.0_2/include]
  ignore line: [ /usr/local/Cellar/gcc/9.2.0_2/lib/gcc/9/gcc/x86_64-apple-darwin17/9.2.0/include-fixed]
  ignore line: [ /usr/include]
  ignore line: [ /System/Library/Frameworks]
  ignore line: [ /Library/Frameworks]
  ignore line: [End of search list.]
  ignore line: [GNU C17 (Homebrew GCC 9.2.0_2) version 9.2.0 (x86_64-apple-darwin17)]
  ignore line: [	compiled by GNU C version 9.2.0, GMP version 6.1.2, MPFR version 4.0.2, MPC version 1.1.0, isl version isl-0.21-GMP]
  ignore line: []
  ignore line: [GGC heuristics: --param ggc-min-expand=100 --param ggc-min-heapsize=131072]
  ignore line: [Compiler executable checksum: 0675ca7d629fdc34f93b3b81f4b829b6]
  ignore line: [COLLECT_GCC_OPTIONS='-v' '-o' 'CMakeFiles/cmTC_02cd1.dir/CMakeCCompilerABI.c.o' '-c' '-mmacosx-version-min=10.13.0'  '-mtune=core2']
  ignore line: [ as -arch x86_64 -v -force_cpusubtype_ALL -mmacosx-version-min=10.13 -o CMakeFiles/cmTC_02cd1.dir/CMakeCCompilerABI.c.o /var/folders/v5/vs_1yjs50gj6y_9lzvnlfds40000gn/T//ccgYFVCV.s]
  ignore line: [Apple LLVM version 10.0.0 (clang-1000.11.45.5)]
  ignore line: [Target: x86_64-apple-darwin17.7.0]
  ignore line: [Thread model: posix]
  ignore line: [InstalledDir: /Applications/Xcode.app/Contents/Developer/Toolchains/XcodeDefault.xctoolchain/usr/bin]
  ignore line: [ "/Applications/Xcode.app/Contents/Developer/Toolchains/XcodeDefault.xctoolchain/usr/bin/clang" -cc1as -triple x86_64-apple-macosx10.13.0 -filetype obj -main-file-name ccgYFVCV.s -target-cpu penryn -fdebug-compilation-dir /Users/zyd/Qt5.11.2/Project/Sliding/cmake-build-debug/CMakeFiles/CMakeTmp -dwarf-debug-producer Apple LLVM version 10.0.0 (clang-1000.11.45.5) -dwarf-version=4 -mrelocation-model pic -o CMakeFiles/cmTC_02cd1.dir/CMakeCCompilerABI.c.o /var/folders/v5/vs_1yjs50gj6y_9lzvnlfds40000gn/T//ccgYFVCV.s]
  ignore line: [COMPILER_PATH=/usr/local/Cellar/gcc/9.2.0_2/libexec/gcc/x86_64-apple-darwin17/9.2.0/:/usr/local/Cellar/gcc/9.2.0_2/libexec/gcc/x86_64-apple-darwin17/9.2.0/:/usr/local/Cellar/gcc/9.2.0_2/libexec/gcc/x86_64-apple-darwin17/:/usr/local/Cellar/gcc/9.2.0_2/lib/gcc/9/gcc/x86_64-apple-darwin17/9.2.0/:/usr/local/Cellar/gcc/9.2.0_2/lib/gcc/9/gcc/x86_64-apple-darwin17/]
  ignore line: [LIBRARY_PATH=/usr/local/Cellar/gcc/9.2.0_2/lib/gcc/9/gcc/x86_64-apple-darwin17/9.2.0/:/usr/local/Cellar/gcc/9.2.0_2/lib/gcc/9/gcc/x86_64-apple-darwin17/9.2.0/../../../]
  ignore line: [COLLECT_GCC_OPTIONS='-v' '-o' 'CMakeFiles/cmTC_02cd1.dir/CMakeCCompilerABI.c.o' '-c' '-mmacosx-version-min=10.13.0'  '-mtune=core2']
  ignore line: [Linking C executable cmTC_02cd1]
  ignore line: [/Applications/CLion.app/Contents/bin/cmake/mac/bin/cmake -E cmake_link_script CMakeFiles/cmTC_02cd1.dir/link.txt --verbose=1]
  ignore line: [/usr/local/bin/gcc-9   -Wl,-search_paths_first -Wl,-headerpad_max_install_names  -v -Wl,-v CMakeFiles/cmTC_02cd1.dir/CMakeCCompilerABI.c.o  -o cmTC_02cd1 ]
  ignore line: [Using built-in specs.]
  ignore line: [COLLECT_GCC=/usr/local/bin/gcc-9]
  ignore line: [COLLECT_LTO_WRAPPER=/usr/local/Cellar/gcc/9.2.0_2/libexec/gcc/x86_64-apple-darwin17/9.2.0/lto-wrapper]
  ignore line: [Target: x86_64-apple-darwin17]
  ignore line: [Configured with: ../configure --build=x86_64-apple-darwin17 --prefix=/usr/local/Cellar/gcc/9.2.0_2 --libdir=/usr/local/Cellar/gcc/9.2.0_2/lib/gcc/9 --disable-nls --enable-checking=release --enable-languages=c,c++,objc,obj-c++,fortran --program-suffix=-9 --with-gmp=/usr/local/opt/gmp --with-mpfr=/usr/local/opt/mpfr --with-mpc=/usr/local/opt/libmpc --with-isl=/usr/local/opt/isl --with-system-zlib --with-pkgversion='Homebrew GCC 9.2.0_2' --with-bugurl=https://github.com/Homebrew/homebrew-core/issues --disable-multilib]
  ignore line: [Thread model: posix]
  ignore line: [gcc version 9.2.0 (Homebrew GCC 9.2.0_2) ]
  ignore line: [COMPILER_PATH=/usr/local/Cellar/gcc/9.2.0_2/libexec/gcc/x86_64-apple-darwin17/9.2.0/:/usr/local/Cellar/gcc/9.2.0_2/libexec/gcc/x86_64-apple-darwin17/9.2.0/:/usr/local/Cellar/gcc/9.2.0_2/libexec/gcc/x86_64-apple-darwin17/:/usr/local/Cellar/gcc/9.2.0_2/lib/gcc/9/gcc/x86_64-apple-darwin17/9.2.0/:/usr/local/Cellar/gcc/9.2.0_2/lib/gcc/9/gcc/x86_64-apple-darwin17/]
  ignore line: [LIBRARY_PATH=/usr/local/Cellar/gcc/9.2.0_2/lib/gcc/9/gcc/x86_64-apple-darwin17/9.2.0/:/usr/local/Cellar/gcc/9.2.0_2/lib/gcc/9/gcc/x86_64-apple-darwin17/9.2.0/../../../]
  ignore line: [COLLECT_GCC_OPTIONS='-v' '-o' 'cmTC_02cd1' '-mmacosx-version-min=10.13.0' '-asm_macosx_version_min=10.13' '-mtune=core2']
  link line: [ /usr/local/Cellar/gcc/9.2.0_2/libexec/gcc/x86_64-apple-darwin17/9.2.0/collect2 -dynamic -arch x86_64 -macosx_version_min 10.13.0 -weak_reference_mismatches non-weak -o cmTC_02cd1 -L/usr/local/Cellar/gcc/9.2.0_2/lib/gcc/9/gcc/x86_64-apple-darwin17/9.2.0 -L/usr/local/Cellar/gcc/9.2.0_2/lib/gcc/9/gcc/x86_64-apple-darwin17/9.2.0/../../.. -search_paths_first -headerpad_max_install_names -v CMakeFiles/cmTC_02cd1.dir/CMakeCCompilerABI.c.o -no_compact_unwind -lSystem -lgcc_ext.10.5 -lgcc -lSystem -v]
    arg [/usr/local/Cellar/gcc/9.2.0_2/libexec/gcc/x86_64-apple-darwin17/9.2.0/collect2] ==> ignore
    arg [-dynamic] ==> ignore
    arg [-arch] ==> ignore
    arg [x86_64] ==> ignore
    arg [-macosx_version_min] ==> ignore
    arg [10.13.0] ==> ignore
    arg [-weak_reference_mismatches] ==> ignore
    arg [non-weak] ==> ignore
    arg [-o] ==> ignore
    arg [cmTC_02cd1] ==> ignore
    arg [-L/usr/local/Cellar/gcc/9.2.0_2/lib/gcc/9/gcc/x86_64-apple-darwin17/9.2.0] ==> dir [/usr/local/Cellar/gcc/9.2.0_2/lib/gcc/9/gcc/x86_64-apple-darwin17/9.2.0]
    arg [-L/usr/local/Cellar/gcc/9.2.0_2/lib/gcc/9/gcc/x86_64-apple-darwin17/9.2.0/../../..] ==> dir [/usr/local/Cellar/gcc/9.2.0_2/lib/gcc/9/gcc/x86_64-apple-darwin17/9.2.0/../../..]
    arg [-search_paths_first] ==> ignore
    arg [-headerpad_max_install_names] ==> ignore
    arg [-v] ==> ignore
    arg [CMakeFiles/cmTC_02cd1.dir/CMakeCCompilerABI.c.o] ==> ignore
    arg [-no_compact_unwind] ==> ignore
    arg [-lSystem] ==> lib [System]
    arg [-lgcc_ext.10.5] ==> lib [gcc_ext.10.5]
    arg [-lgcc] ==> lib [gcc]
    arg [-lSystem] ==> lib [System]
    arg [-v] ==> ignore
  Library search paths: [;/usr/local/Cellar/gcc/9.2.0_2/lib/gcc/9/gcc/x86_64-apple-darwin17/9.2.0;/usr/local/Cellar/gcc/9.2.0_2/lib/gcc/9;/usr/lib;/usr/local/lib]
  Framework search paths: [;/Library/Frameworks/;/System/Library/Frameworks/]
  remove lib [System]
  remove lib [System]
  collapse library dir [/usr/local/Cellar/gcc/9.2.0_2/lib/gcc/9/gcc/x86_64-apple-darwin17/9.2.0] ==> [/usr/local/Cellar/gcc/9.2.0_2/lib/gcc/9/gcc/x86_64-apple-darwin17/9.2.0]
  collapse library dir [/usr/local/Cellar/gcc/9.2.0_2/lib/gcc/9/gcc/x86_64-apple-darwin17/9.2.0/../../..] ==> [/usr/local/Cellar/gcc/9.2.0_2/lib/gcc/9]
  collapse library dir [/usr/local/Cellar/gcc/9.2.0_2/lib/gcc/9/gcc/x86_64-apple-darwin17/9.2.0] ==> [/usr/local/Cellar/gcc/9.2.0_2/lib/gcc/9/gcc/x86_64-apple-darwin17/9.2.0]
  collapse library dir [/usr/local/Cellar/gcc/9.2.0_2/lib/gcc/9] ==> [/usr/local/Cellar/gcc/9.2.0_2/lib/gcc/9]
  collapse library dir [/usr/lib] ==> [/usr/lib]
  collapse library dir [/usr/local/lib] ==> [/usr/local/lib]
  collapse framework dir [/Library/Frameworks/] ==> [/Library/Frameworks]
  collapse framework dir [/System/Library/Frameworks/] ==> [/System/Library/Frameworks]
  implicit libs: [gcc_ext.10.5;gcc]
  implicit dirs: [/usr/local/Cellar/gcc/9.2.0_2/lib/gcc/9/gcc/x86_64-apple-darwin17/9.2.0;/usr/local/Cellar/gcc/9.2.0_2/lib/gcc/9;/usr/lib;/usr/local/lib]
  implicit fwks: [/Library/Frameworks;/System/Library/Frameworks]




Detecting C [-std=c11] compiler features compiled with the following output:
Change Dir: /Users/zyd/Qt5.11.2/Project/Sliding/cmake-build-debug/CMakeFiles/CMakeTmp

Run Build Command(s):/usr/bin/make cmTC_8a20d/fast 
/Applications/Xcode.app/Contents/Developer/usr/bin/make -f CMakeFiles/cmTC_8a20d.dir/build.make CMakeFiles/cmTC_8a20d.dir/build
Building C object CMakeFiles/cmTC_8a20d.dir/feature_tests.c.o
/usr/local/bin/gcc-9   -std=c11 -o CMakeFiles/cmTC_8a20d.dir/feature_tests.c.o   -c /Users/zyd/Qt5.11.2/Project/Sliding/cmake-build-debug/CMakeFiles/feature_tests.c
Linking C executable cmTC_8a20d
/Applications/CLion.app/Contents/bin/cmake/mac/bin/cmake -E cmake_link_script CMakeFiles/cmTC_8a20d.dir/link.txt --verbose=1
/usr/local/bin/gcc-9   -Wl,-search_paths_first -Wl,-headerpad_max_install_names   CMakeFiles/cmTC_8a20d.dir/feature_tests.c.o  -o cmTC_8a20d 


    Feature record: C_FEATURE:1c_function_prototypes
    Feature record: C_FEATURE:1c_restrict
    Feature record: C_FEATURE:1c_static_assert
    Feature record: C_FEATURE:1c_variadic_macros


Detecting C [-std=c99] compiler features compiled with the following output:
Change Dir: /Users/zyd/Qt5.11.2/Project/Sliding/cmake-build-debug/CMakeFiles/CMakeTmp

Run Build Command(s):/usr/bin/make cmTC_eb227/fast 
/Applications/Xcode.app/Contents/Developer/usr/bin/make -f CMakeFiles/cmTC_eb227.dir/build.make CMakeFiles/cmTC_eb227.dir/build
Building C object CMakeFiles/cmTC_eb227.dir/feature_tests.c.o
/usr/local/bin/gcc-9   -std=c99 -o CMakeFiles/cmTC_eb227.dir/feature_tests.c.o   -c /Users/zyd/Qt5.11.2/Project/Sliding/cmake-build-debug/CMakeFiles/feature_tests.c
Linking C executable cmTC_eb227
/Applications/CLion.app/Contents/bin/cmake/mac/bin/cmake -E cmake_link_script CMakeFiles/cmTC_eb227.dir/link.txt --verbose=1
/usr/local/bin/gcc-9   -Wl,-search_paths_first -Wl,-headerpad_max_install_names   CMakeFiles/cmTC_eb227.dir/feature_tests.c.o  -o cmTC_eb227 


    Feature record: C_FEATURE:1c_function_prototypes
    Feature record: C_FEATURE:1c_restrict
    Feature record: C_FEATURE:0c_static_assert
    Feature record: C_FEATURE:1c_variadic_macros


Detecting C [-std=c90] compiler features compiled with the following output:
Change Dir: /Users/zyd/Qt5.11.2/Project/Sliding/cmake-build-debug/CMakeFiles/CMakeTmp

Run Build Command(s):/usr/bin/make cmTC_0dfd9/fast 
/Applications/Xcode.app/Contents/Developer/usr/bin/make -f CMakeFiles/cmTC_0dfd9.dir/build.make CMakeFiles/cmTC_0dfd9.dir/build
Building C object CMakeFiles/cmTC_0dfd9.dir/feature_tests.c.o
/usr/local/bin/gcc-9   -std=c90 -o CMakeFiles/cmTC_0dfd9.dir/feature_tests.c.o   -c /Users/zyd/Qt5.11.2/Project/Sliding/cmake-build-debug/CMakeFiles/feature_tests.c
Linking C executable cmTC_0dfd9
/Applications/CLion.app/Contents/bin/cmake/mac/bin/cmake -E cmake_link_script CMakeFiles/cmTC_0dfd9.dir/link.txt --verbose=1
/usr/local/bin/gcc-9   -Wl,-search_paths_first -Wl,-headerpad_max_install_names   CMakeFiles/cmTC_0dfd9.dir/feature_tests.c.o  -o cmTC_0dfd9 


    Feature record: C_FEATURE:1c_function_prototypes
    Feature record: C_FEATURE:0c_restrict
    Feature record: C_FEATURE:0c_static_assert
    Feature record: C_FEATURE:0c_variadic_macros
Determining if the CXX compiler works passed with the following output:
Change Dir: /Users/zyd/Qt5.11.2/Project/Sliding/cmake-build-debug/CMakeFiles/CMakeTmp

Run Build Command(s):/usr/bin/make cmTC_1d1f5/fast 
/Applications/Xcode.app/Contents/Developer/usr/bin/make -f CMakeFiles/cmTC_1d1f5.dir/build.make CMakeFiles/cmTC_1d1f5.dir/build
Building CXX object CMakeFiles/cmTC_1d1f5.dir/testCXXCompiler.cxx.o
/usr/local/bin/g++-9     -o CMakeFiles/cmTC_1d1f5.dir/testCXXCompiler.cxx.o -c /Users/zyd/Qt5.11.2/Project/Sliding/cmake-build-debug/CMakeFiles/CMakeTmp/testCXXCompiler.cxx
Linking CXX executable cmTC_1d1f5
/Applications/CLion.app/Contents/bin/cmake/mac/bin/cmake -E cmake_link_script CMakeFiles/cmTC_1d1f5.dir/link.txt --verbose=1
/usr/local/bin/g++-9    -Wl,-search_paths_first -Wl,-headerpad_max_install_names   CMakeFiles/cmTC_1d1f5.dir/testCXXCompiler.cxx.o  -o cmTC_1d1f5 


Detecting CXX compiler ABI info compiled with the following output:
Change Dir: /Users/zyd/Qt5.11.2/Project/Sliding/cmake-build-debug/CMakeFiles/CMakeTmp

Run Build Command(s):/usr/bin/make cmTC_2ec3e/fast 
/Applications/Xcode.app/Contents/Developer/usr/bin/make -f CMakeFiles/cmTC_2ec3e.dir/build.make CMakeFiles/cmTC_2ec3e.dir/build
Building CXX object CMakeFiles/cmTC_2ec3e.dir/CMakeCXXCompilerABI.cpp.o
/usr/local/bin/g++-9    -v -Wl,-v -o CMakeFiles/cmTC_2ec3e.dir/CMakeCXXCompilerABI.cpp.o -c /Applications/CLion.app/Contents/bin/cmake/mac/share/cmake-3.14/Modules/CMakeCXXCompilerABI.cpp
Using built-in specs.
COLLECT_GCC=/usr/local/bin/g++-9
Target: x86_64-apple-darwin17
Configured with: ../configure --build=x86_64-apple-darwin17 --prefix=/usr/local/Cellar/gcc/9.2.0_2 --libdir=/usr/local/Cellar/gcc/9.2.0_2/lib/gcc/9 --disable-nls --enable-checking=release --enable-languages=c,c++,objc,obj-c++,fortran --program-suffix=-9 --with-gmp=/usr/local/opt/gmp --with-mpfr=/usr/local/opt/mpfr --with-mpc=/usr/local/opt/libmpc --with-isl=/usr/local/opt/isl --with-system-zlib --with-pkgversion='Homebrew GCC 9.2.0_2' --with-bugurl=https://github.com/Homebrew/homebrew-core/issues --disable-multilib
Thread model: posix
gcc version 9.2.0 (Homebrew GCC 9.2.0_2) 
COLLECT_GCC_OPTIONS='-v' '-o' 'CMakeFiles/cmTC_2ec3e.dir/CMakeCXXCompilerABI.cpp.o' '-c' '-mmacosx-version-min=10.13.0' '-asm_macosx_version_min=10.13' '-shared-libgcc' '-mtune=core2'
 /usr/local/Cellar/gcc/9.2.0_2/libexec/gcc/x86_64-apple-darwin17/9.2.0/cc1plus -quiet -v -D__DYNAMIC__ /Applications/CLion.app/Contents/bin/cmake/mac/share/cmake-3.14/Modules/CMakeCXXCompilerABI.cpp -fPIC -quiet -dumpbase CMakeCXXCompilerABI.cpp -mmacosx-version-min=10.13.0 -mtune=core2 -auxbase-strip CMakeFiles/cmTC_2ec3e.dir/CMakeCXXCompilerABI.cpp.o -version -o /var/folders/v5/vs_1yjs50gj6y_9lzvnlfds40000gn/T//ccRVrogE.s
GNU C++14 (Homebrew GCC 9.2.0_2) version 9.2.0 (x86_64-apple-darwin17)
	compiled by GNU C version 9.2.0, GMP version 6.1.2, MPFR version 4.0.2, MPC version 1.1.0, isl version isl-0.21-GMP

GGC heuristics: --param ggc-min-expand=100 --param ggc-min-heapsize=131072
ignoring nonexistent directory "/usr/local/Cellar/gcc/9.2.0_2/lib/gcc/9/gcc/x86_64-apple-darwin17/9.2.0/../../../../../../x86_64-apple-darwin17/include"
#include "..." search starts here:
#include <...> search starts here:
 /usr/local/Cellar/gcc/9.2.0_2/lib/gcc/9/gcc/x86_64-apple-darwin17/9.2.0/../../../../../../include/c++/9.2.0
 /usr/local/Cellar/gcc/9.2.0_2/lib/gcc/9/gcc/x86_64-apple-darwin17/9.2.0/../../../../../../include/c++/9.2.0/x86_64-apple-darwin17
 /usr/local/Cellar/gcc/9.2.0_2/lib/gcc/9/gcc/x86_64-apple-darwin17/9.2.0/../../../../../../include/c++/9.2.0/backward
 /usr/local/Cellar/gcc/9.2.0_2/lib/gcc/9/gcc/x86_64-apple-darwin17/9.2.0/include
 /usr/local/include
 /usr/local/Cellar/gcc/9.2.0_2/include
 /usr/local/Cellar/gcc/9.2.0_2/lib/gcc/9/gcc/x86_64-apple-darwin17/9.2.0/include-fixed
 /usr/include
 /System/Library/Frameworks
 /Library/Frameworks
End of search list.
GNU C++14 (Homebrew GCC 9.2.0_2) version 9.2.0 (x86_64-apple-darwin17)
	compiled by GNU C version 9.2.0, GMP version 6.1.2, MPFR version 4.0.2, MPC version 1.1.0, isl version isl-0.21-GMP

GGC heuristics: --param ggc-min-expand=100 --param ggc-min-heapsize=131072
Compiler executable checksum: 493abc3008d6892d096c91da657b3144
COLLECT_GCC_OPTIONS='-v' '-o' 'CMakeFiles/cmTC_2ec3e.dir/CMakeCXXCompilerABI.cpp.o' '-c' '-mmacosx-version-min=10.13.0'  '-shared-libgcc' '-mtune=core2'
 as -arch x86_64 -v -force_cpusubtype_ALL -mmacosx-version-min=10.13 -o CMakeFiles/cmTC_2ec3e.dir/CMakeCXXCompilerABI.cpp.o /var/folders/v5/vs_1yjs50gj6y_9lzvnlfds40000gn/T//ccRVrogE.s
Apple LLVM version 10.0.0 (clang-1000.11.45.5)
Target: x86_64-apple-darwin17.7.0
Thread model: posix
InstalledDir: /Applications/Xcode.app/Contents/Developer/Toolchains/XcodeDefault.xctoolchain/usr/bin
 "/Applications/Xcode.app/Contents/Developer/Toolchains/XcodeDefault.xctoolchain/usr/bin/clang" -cc1as -triple x86_64-apple-macosx10.13.0 -filetype obj -main-file-name ccRVrogE.s -target-cpu penryn -fdebug-compilation-dir /Users/zyd/Qt5.11.2/Project/Sliding/cmake-build-debug/CMakeFiles/CMakeTmp -dwarf-debug-producer Apple LLVM version 10.0.0 (clang-1000.11.45.5) -dwarf-version=4 -mrelocation-model pic -o CMakeFiles/cmTC_2ec3e.dir/CMakeCXXCompilerABI.cpp.o /var/folders/v5/vs_1yjs50gj6y_9lzvnlfds40000gn/T//ccRVrogE.s
COMPILER_PATH=/usr/local/Cellar/gcc/9.2.0_2/libexec/gcc/x86_64-apple-darwin17/9.2.0/:/usr/local/Cellar/gcc/9.2.0_2/libexec/gcc/x86_64-apple-darwin17/9.2.0/:/usr/local/Cellar/gcc/9.2.0_2/libexec/gcc/x86_64-apple-darwin17/:/usr/local/Cellar/gcc/9.2.0_2/lib/gcc/9/gcc/x86_64-apple-darwin17/9.2.0/:/usr/local/Cellar/gcc/9.2.0_2/lib/gcc/9/gcc/x86_64-apple-darwin17/
LIBRARY_PATH=/usr/local/Cellar/gcc/9.2.0_2/lib/gcc/9/gcc/x86_64-apple-darwin17/9.2.0/:/usr/local/Cellar/gcc/9.2.0_2/lib/gcc/9/gcc/x86_64-apple-darwin17/9.2.0/../../../
COLLECT_GCC_OPTIONS='-v' '-o' 'CMakeFiles/cmTC_2ec3e.dir/CMakeCXXCompilerABI.cpp.o' '-c' '-mmacosx-version-min=10.13.0'  '-shared-libgcc' '-mtune=core2'
Linking CXX executable cmTC_2ec3e
/Applications/CLion.app/Contents/bin/cmake/mac/bin/cmake -E cmake_link_script CMakeFiles/cmTC_2ec3e.dir/link.txt --verbose=1
/usr/local/bin/g++-9    -Wl,-search_paths_first -Wl,-headerpad_max_install_names  -v -Wl,-v CMakeFiles/cmTC_2ec3e.dir/CMakeCXXCompilerABI.cpp.o  -o cmTC_2ec3e 
Using built-in specs.
COLLECT_GCC=/usr/local/bin/g++-9
COLLECT_LTO_WRAPPER=/usr/local/Cellar/gcc/9.2.0_2/libexec/gcc/x86_64-apple-darwin17/9.2.0/lto-wrapper
Target: x86_64-apple-darwin17
Configured with: ../configure --build=x86_64-apple-darwin17 --prefix=/usr/local/Cellar/gcc/9.2.0_2 --libdir=/usr/local/Cellar/gcc/9.2.0_2/lib/gcc/9 --disable-nls --enable-checking=release --enable-languages=c,c++,objc,obj-c++,fortran --program-suffix=-9 --with-gmp=/usr/local/opt/gmp --with-mpfr=/usr/local/opt/mpfr --with-mpc=/usr/local/opt/libmpc --with-isl=/usr/local/opt/isl --with-system-zlib --with-pkgversion='Homebrew GCC 9.2.0_2' --with-bugurl=https://github.com/Homebrew/homebrew-core/issues --disable-multilib
Thread model: posix
gcc version 9.2.0 (Homebrew GCC 9.2.0_2) 
COMPILER_PATH=/usr/local/Cellar/gcc/9.2.0_2/libexec/gcc/x86_64-apple-darwin17/9.2.0/:/usr/local/Cellar/gcc/9.2.0_2/libexec/gcc/x86_64-apple-darwin17/9.2.0/:/usr/local/Cellar/gcc/9.2.0_2/libexec/gcc/x86_64-apple-darwin17/:/usr/local/Cellar/gcc/9.2.0_2/lib/gcc/9/gcc/x86_64-apple-darwin17/9.2.0/:/usr/local/Cellar/gcc/9.2.0_2/lib/gcc/9/gcc/x86_64-apple-darwin17/
LIBRARY_PATH=/usr/local/Cellar/gcc/9.2.0_2/lib/gcc/9/gcc/x86_64-apple-darwin17/9.2.0/:/usr/local/Cellar/gcc/9.2.0_2/lib/gcc/9/gcc/x86_64-apple-darwin17/9.2.0/../../../
COLLECT_GCC_OPTIONS='-v' '-o' 'cmTC_2ec3e' '-mmacosx-version-min=10.13.0' '-asm_macosx_version_min=10.13' '-shared-libgcc' '-mtune=core2'
 /usr/local/Cellar/gcc/9.2.0_2/libexec/gcc/x86_64-apple-darwin17/9.2.0/collect2 -dynamic -arch x86_64 -macosx_version_min 10.13.0 -weak_reference_mismatches non-weak -o cmTC_2ec3e -L/usr/local/Cellar/gcc/9.2.0_2/lib/gcc/9/gcc/x86_64-apple-darwin17/9.2.0 -L/usr/local/Cellar/gcc/9.2.0_2/lib/gcc/9/gcc/x86_64-apple-darwin17/9.2.0/../../.. -search_paths_first -headerpad_max_install_names -v CMakeFiles/cmTC_2ec3e.dir/CMakeCXXCompilerABI.cpp.o -lstdc++ -no_compact_unwind -lSystem -lgcc_ext.10.5 -lgcc -lSystem -v
collect2 version 9.2.0
/usr/bin/ld -dynamic -arch x86_64 -macosx_version_min 10.13.0 -weak_reference_mismatches non-weak -o cmTC_2ec3e -L/usr/local/Cellar/gcc/9.2.0_2/lib/gcc/9/gcc/x86_64-apple-darwin17/9.2.0 -L/usr/local/Cellar/gcc/9.2.0_2/lib/gcc/9/gcc/x86_64-apple-darwin17/9.2.0/../../.. -search_paths_first -headerpad_max_install_names -v CMakeFiles/cmTC_2ec3e.dir/CMakeCXXCompilerABI.cpp.o -lstdc++ -no_compact_unwind -lSystem -lgcc_ext.10.5 -lgcc -lSystem -v
@(#)PROGRAM:ld  PROJECT:ld64-409.12
BUILD 17:47:51 Sep 25 2018
configured to support archs: armv6 armv7 armv7s arm64 i386 x86_64 x86_64h armv6m armv7k armv7m armv7em arm64e arm64_32
@(#)PROGRAM:ld  PROJECT:ld64-409.12
BUILD 17:47:51 Sep 25 2018
configured to support archs: armv6 armv7 armv7s arm64 i386 x86_64 x86_64h armv6m armv7k armv7m armv7em arm64e arm64_32
Library search paths:
	/usr/local/Cellar/gcc/9.2.0_2/lib/gcc/9/gcc/x86_64-apple-darwin17/9.2.0
	/usr/local/Cellar/gcc/9.2.0_2/lib/gcc/9
	/usr/lib
	/usr/local/lib
Framework search paths:
	/Library/Frameworks/
	/System/Library/Frameworks/


Parsed CXX implicit include dir info from above output: rv=done
  found start of include info
  found start of implicit include info
    add: [/usr/local/Cellar/gcc/9.2.0_2/lib/gcc/9/gcc/x86_64-apple-darwin17/9.2.0/../../../../../../include/c++/9.2.0]
    add: [/usr/local/Cellar/gcc/9.2.0_2/lib/gcc/9/gcc/x86_64-apple-darwin17/9.2.0/../../../../../../include/c++/9.2.0/x86_64-apple-darwin17]
    add: [/usr/local/Cellar/gcc/9.2.0_2/lib/gcc/9/gcc/x86_64-apple-darwin17/9.2.0/../../../../../../include/c++/9.2.0/backward]
    add: [/usr/local/Cellar/gcc/9.2.0_2/lib/gcc/9/gcc/x86_64-apple-darwin17/9.2.0/include]
    add: [/usr/local/include]
    add: [/usr/local/Cellar/gcc/9.2.0_2/include]
    add: [/usr/local/Cellar/gcc/9.2.0_2/lib/gcc/9/gcc/x86_64-apple-darwin17/9.2.0/include-fixed]
    add: [/usr/include]
    add: [/System/Library/Frameworks]
    add: [/Library/Frameworks]
  end of search list found
  collapse include dir [/usr/local/Cellar/gcc/9.2.0_2/lib/gcc/9/gcc/x86_64-apple-darwin17/9.2.0/../../../../../../include/c++/9.2.0] ==> [/usr/local/Cellar/gcc/9.2.0_2/include/c++/9.2.0]
  collapse include dir [/usr/local/Cellar/gcc/9.2.0_2/lib/gcc/9/gcc/x86_64-apple-darwin17/9.2.0/../../../../../../include/c++/9.2.0/x86_64-apple-darwin17] ==> [/usr/local/Cellar/gcc/9.2.0_2/include/c++/9.2.0/x86_64-apple-darwin17]
  collapse include dir [/usr/local/Cellar/gcc/9.2.0_2/lib/gcc/9/gcc/x86_64-apple-darwin17/9.2.0/../../../../../../include/c++/9.2.0/backward] ==> [/usr/local/Cellar/gcc/9.2.0_2/include/c++/9.2.0/backward]
  collapse include dir [/usr/local/Cellar/gcc/9.2.0_2/lib/gcc/9/gcc/x86_64-apple-darwin17/9.2.0/include] ==> [/usr/local/Cellar/gcc/9.2.0_2/lib/gcc/9/gcc/x86_64-apple-darwin17/9.2.0/include]
  collapse include dir [/usr/local/include] ==> [/usr/local/include]
  collapse include dir [/usr/local/Cellar/gcc/9.2.0_2/include] ==> [/usr/local/Cellar/gcc/9.2.0_2/include]
  collapse include dir [/usr/local/Cellar/gcc/9.2.0_2/lib/gcc/9/gcc/x86_64-apple-darwin17/9.2.0/include-fixed] ==> [/usr/local/Cellar/gcc/9.2.0_2/lib/gcc/9/gcc/x86_64-apple-darwin17/9.2.0/include-fixed]
  collapse include dir [/usr/include] ==> [/usr/include]
  collapse include dir [/System/Library/Frameworks] ==> [/System/Library/Frameworks]
  collapse include dir [/Library/Frameworks] ==> [/Library/Frameworks]
  implicit include dirs: [/usr/local/Cellar/gcc/9.2.0_2/include/c++/9.2.0;/usr/local/Cellar/gcc/9.2.0_2/include/c++/9.2.0/x86_64-apple-darwin17;/usr/local/Cellar/gcc/9.2.0_2/include/c++/9.2.0/backward;/usr/local/Cellar/gcc/9.2.0_2/lib/gcc/9/gcc/x86_64-apple-darwin17/9.2.0/include;/usr/local/include;/usr/local/Cellar/gcc/9.2.0_2/include;/usr/local/Cellar/gcc/9.2.0_2/lib/gcc/9/gcc/x86_64-apple-darwin17/9.2.0/include-fixed;/usr/include;/System/Library/Frameworks;/Library/Frameworks]


Parsed CXX implicit link information from above output:
  link line regex: [^( *|.*[/\])(ld|CMAKE_LINK_STARTFILE-NOTFOUND|([^/\]+-)?ld|collect2)[^/\]*( |$)]
  ignore line: [Change Dir: /Users/zyd/Qt5.11.2/Project/Sliding/cmake-build-debug/CMakeFiles/CMakeTmp]
  ignore line: []
  ignore line: [Run Build Command(s):/usr/bin/make cmTC_2ec3e/fast ]
  ignore line: [/Applications/Xcode.app/Contents/Developer/usr/bin/make -f CMakeFiles/cmTC_2ec3e.dir/build.make CMakeFiles/cmTC_2ec3e.dir/build]
  ignore line: [Building CXX object CMakeFiles/cmTC_2ec3e.dir/CMakeCXXCompilerABI.cpp.o]
  ignore line: [/usr/local/bin/g++-9    -v -Wl,-v -o CMakeFiles/cmTC_2ec3e.dir/CMakeCXXCompilerABI.cpp.o -c /Applications/CLion.app/Contents/bin/cmake/mac/share/cmake-3.14/Modules/CMakeCXXCompilerABI.cpp]
  ignore line: [Using built-in specs.]
  ignore line: [COLLECT_GCC=/usr/local/bin/g++-9]
  ignore line: [Target: x86_64-apple-darwin17]
  ignore line: [Configured with: ../configure --build=x86_64-apple-darwin17 --prefix=/usr/local/Cellar/gcc/9.2.0_2 --libdir=/usr/local/Cellar/gcc/9.2.0_2/lib/gcc/9 --disable-nls --enable-checking=release --enable-languages=c,c++,objc,obj-c++,fortran --program-suffix=-9 --with-gmp=/usr/local/opt/gmp --with-mpfr=/usr/local/opt/mpfr --with-mpc=/usr/local/opt/libmpc --with-isl=/usr/local/opt/isl --with-system-zlib --with-pkgversion='Homebrew GCC 9.2.0_2' --with-bugurl=https://github.com/Homebrew/homebrew-core/issues --disable-multilib]
  ignore line: [Thread model: posix]
  ignore line: [gcc version 9.2.0 (Homebrew GCC 9.2.0_2) ]
  ignore line: [COLLECT_GCC_OPTIONS='-v' '-o' 'CMakeFiles/cmTC_2ec3e.dir/CMakeCXXCompilerABI.cpp.o' '-c' '-mmacosx-version-min=10.13.0' '-asm_macosx_version_min=10.13' '-shared-libgcc' '-mtune=core2']
  ignore line: [ /usr/local/Cellar/gcc/9.2.0_2/libexec/gcc/x86_64-apple-darwin17/9.2.0/cc1plus -quiet -v -D__DYNAMIC__ /Applications/CLion.app/Contents/bin/cmake/mac/share/cmake-3.14/Modules/CMakeCXXCompilerABI.cpp -fPIC -quiet -dumpbase CMakeCXXCompilerABI.cpp -mmacosx-version-min=10.13.0 -mtune=core2 -auxbase-strip CMakeFiles/cmTC_2ec3e.dir/CMakeCXXCompilerABI.cpp.o -version -o /var/folders/v5/vs_1yjs50gj6y_9lzvnlfds40000gn/T//ccRVrogE.s]
  ignore line: [GNU C++14 (Homebrew GCC 9.2.0_2) version 9.2.0 (x86_64-apple-darwin17)]
  ignore line: [	compiled by GNU C version 9.2.0, GMP version 6.1.2, MPFR version 4.0.2, MPC version 1.1.0, isl version isl-0.21-GMP]
  ignore line: []
  ignore line: [GGC heuristics: --param ggc-min-expand=100 --param ggc-min-heapsize=131072]
  ignore line: [ignoring nonexistent directory "/usr/local/Cellar/gcc/9.2.0_2/lib/gcc/9/gcc/x86_64-apple-darwin17/9.2.0/../../../../../../x86_64-apple-darwin17/include"]
  ignore line: [#include "..." search starts here:]
  ignore line: [#include <...> search starts here:]
  ignore line: [ /usr/local/Cellar/gcc/9.2.0_2/lib/gcc/9/gcc/x86_64-apple-darwin17/9.2.0/../../../../../../include/c++/9.2.0]
  ignore line: [ /usr/local/Cellar/gcc/9.2.0_2/lib/gcc/9/gcc/x86_64-apple-darwin17/9.2.0/../../../../../../include/c++/9.2.0/x86_64-apple-darwin17]
  ignore line: [ /usr/local/Cellar/gcc/9.2.0_2/lib/gcc/9/gcc/x86_64-apple-darwin17/9.2.0/../../../../../../include/c++/9.2.0/backward]
  ignore line: [ /usr/local/Cellar/gcc/9.2.0_2/lib/gcc/9/gcc/x86_64-apple-darwin17/9.2.0/include]
  ignore line: [ /usr/local/include]
  ignore line: [ /usr/local/Cellar/gcc/9.2.0_2/include]
  ignore line: [ /usr/local/Cellar/gcc/9.2.0_2/lib/gcc/9/gcc/x86_64-apple-darwin17/9.2.0/include-fixed]
  ignore line: [ /usr/include]
  ignore line: [ /System/Library/Frameworks]
  ignore line: [ /Library/Frameworks]
  ignore line: [End of search list.]
  ignore line: [GNU C++14 (Homebrew GCC 9.2.0_2) version 9.2.0 (x86_64-apple-darwin17)]
  ignore line: [	compiled by GNU C version 9.2.0, GMP version 6.1.2, MPFR version 4.0.2, MPC version 1.1.0, isl version isl-0.21-GMP]
  ignore line: []
  ignore line: [GGC heuristics: --param ggc-min-expand=100 --param ggc-min-heapsize=131072]
  ignore line: [Compiler executable checksum: 493abc3008d6892d096c91da657b3144]
  ignore line: [COLLECT_GCC_OPTIONS='-v' '-o' 'CMakeFiles/cmTC_2ec3e.dir/CMakeCXXCompilerABI.cpp.o' '-c' '-mmacosx-version-min=10.13.0'  '-shared-libgcc' '-mtune=core2']
  ignore line: [ as -arch x86_64 -v -force_cpusubtype_ALL -mmacosx-version-min=10.13 -o CMakeFiles/cmTC_2ec3e.dir/CMakeCXXCompilerABI.cpp.o /var/folders/v5/vs_1yjs50gj6y_9lzvnlfds40000gn/T//ccRVrogE.s]
  ignore line: [Apple LLVM version 10.0.0 (clang-1000.11.45.5)]
  ignore line: [Target: x86_64-apple-darwin17.7.0]
  ignore line: [Thread model: posix]
  ignore line: [InstalledDir: /Applications/Xcode.app/Contents/Developer/Toolchains/XcodeDefault.xctoolchain/usr/bin]
  ignore line: [ "/Applications/Xcode.app/Contents/Developer/Toolchains/XcodeDefault.xctoolchain/usr/bin/clang" -cc1as -triple x86_64-apple-macosx10.13.0 -filetype obj -main-file-name ccRVrogE.s -target-cpu penryn -fdebug-compilation-dir /Users/zyd/Qt5.11.2/Project/Sliding/cmake-build-debug/CMakeFiles/CMakeTmp -dwarf-debug-producer Apple LLVM version 10.0.0 (clang-1000.11.45.5) -dwarf-version=4 -mrelocation-model pic -o CMakeFiles/cmTC_2ec3e.dir/CMakeCXXCompilerABI.cpp.o /var/folders/v5/vs_1yjs50gj6y_9lzvnlfds40000gn/T//ccRVrogE.s]
  ignore line: [COMPILER_PATH=/usr/local/Cellar/gcc/9.2.0_2/libexec/gcc/x86_64-apple-darwin17/9.2.0/:/usr/local/Cellar/gcc/9.2.0_2/libexec/gcc/x86_64-apple-darwin17/9.2.0/:/usr/local/Cellar/gcc/9.2.0_2/libexec/gcc/x86_64-apple-darwin17/:/usr/local/Cellar/gcc/9.2.0_2/lib/gcc/9/gcc/x86_64-apple-darwin17/9.2.0/:/usr/local/Cellar/gcc/9.2.0_2/lib/gcc/9/gcc/x86_64-apple-darwin17/]
  ignore line: [LIBRARY_PATH=/usr/local/Cellar/gcc/9.2.0_2/lib/gcc/9/gcc/x86_64-apple-darwin17/9.2.0/:/usr/local/Cellar/gcc/9.2.0_2/lib/gcc/9/gcc/x86_64-apple-darwin17/9.2.0/../../../]
  ignore line: [COLLECT_GCC_OPTIONS='-v' '-o' 'CMakeFiles/cmTC_2ec3e.dir/CMakeCXXCompilerABI.cpp.o' '-c' '-mmacosx-version-min=10.13.0'  '-shared-libgcc' '-mtune=core2']
  ignore line: [Linking CXX executable cmTC_2ec3e]
  ignore line: [/Applications/CLion.app/Contents/bin/cmake/mac/bin/cmake -E cmake_link_script CMakeFiles/cmTC_2ec3e.dir/link.txt --verbose=1]
  ignore line: [/usr/local/bin/g++-9    -Wl,-search_paths_first -Wl,-headerpad_max_install_names  -v -Wl,-v CMakeFiles/cmTC_2ec3e.dir/CMakeCXXCompilerABI.cpp.o  -o cmTC_2ec3e ]
  ignore line: [Using built-in specs.]
  ignore line: [COLLECT_GCC=/usr/local/bin/g++-9]
  ignore line: [COLLECT_LTO_WRAPPER=/usr/local/Cellar/gcc/9.2.0_2/libexec/gcc/x86_64-apple-darwin17/9.2.0/lto-wrapper]
  ignore line: [Target: x86_64-apple-darwin17]
  ignore line: [Configured with: ../configure --build=x86_64-apple-darwin17 --prefix=/usr/local/Cellar/gcc/9.2.0_2 --libdir=/usr/local/Cellar/gcc/9.2.0_2/lib/gcc/9 --disable-nls --enable-checking=release --enable-languages=c,c++,objc,obj-c++,fortran --program-suffix=-9 --with-gmp=/usr/local/opt/gmp --with-mpfr=/usr/local/opt/mpfr --with-mpc=/usr/local/opt/libmpc --with-isl=/usr/local/opt/isl --with-system-zlib --with-pkgversion='Homebrew GCC 9.2.0_2' --with-bugurl=https://github.com/Homebrew/homebrew-core/issues --disable-multilib]
  ignore line: [Thread model: posix]
  ignore line: [gcc version 9.2.0 (Homebrew GCC 9.2.0_2) ]
  ignore line: [COMPILER_PATH=/usr/local/Cellar/gcc/9.2.0_2/libexec/gcc/x86_64-apple-darwin17/9.2.0/:/usr/local/Cellar/gcc/9.2.0_2/libexec/gcc/x86_64-apple-darwin17/9.2.0/:/usr/local/Cellar/gcc/9.2.0_2/libexec/gcc/x86_64-apple-darwin17/:/usr/local/Cellar/gcc/9.2.0_2/lib/gcc/9/gcc/x86_64-apple-darwin17/9.2.0/:/usr/local/Cellar/gcc/9.2.0_2/lib/gcc/9/gcc/x86_64-apple-darwin17/]
  ignore line: [LIBRARY_PATH=/usr/local/Cellar/gcc/9.2.0_2/lib/gcc/9/gcc/x86_64-apple-darwin17/9.2.0/:/usr/local/Cellar/gcc/9.2.0_2/lib/gcc/9/gcc/x86_64-apple-darwin17/9.2.0/../../../]
  ignore line: [COLLECT_GCC_OPTIONS='-v' '-o' 'cmTC_2ec3e' '-mmacosx-version-min=10.13.0' '-asm_macosx_version_min=10.13' '-shared-libgcc' '-mtune=core2']
  link line: [ /usr/local/Cellar/gcc/9.2.0_2/libexec/gcc/x86_64-apple-darwin17/9.2.0/collect2 -dynamic -arch x86_64 -macosx_version_min 10.13.0 -weak_reference_mismatches non-weak -o cmTC_2ec3e -L/usr/local/Cellar/gcc/9.2.0_2/lib/gcc/9/gcc/x86_64-apple-darwin17/9.2.0 -L/usr/local/Cellar/gcc/9.2.0_2/lib/gcc/9/gcc/x86_64-apple-darwin17/9.2.0/../../.. -search_paths_first -headerpad_max_install_names -v CMakeFiles/cmTC_2ec3e.dir/CMakeCXXCompilerABI.cpp.o -lstdc++ -no_compact_unwind -lSystem -lgcc_ext.10.5 -lgcc -lSystem -v]
    arg [/usr/local/Cellar/gcc/9.2.0_2/libexec/gcc/x86_64-apple-darwin17/9.2.0/collect2] ==> ignore
    arg [-dynamic] ==> ignore
    arg [-arch] ==> ignore
    arg [x86_64] ==> ignore
    arg [-macosx_version_min] ==> ignore
    arg [10.13.0] ==> ignore
    arg [-weak_reference_mismatches] ==> ignore
    arg [non-weak] ==> ignore
    arg [-o] ==> ignore
    arg [cmTC_2ec3e] ==> ignore
    arg [-L/usr/local/Cellar/gcc/9.2.0_2/lib/gcc/9/gcc/x86_64-apple-darwin17/9.2.0] ==> dir [/usr/local/Cellar/gcc/9.2.0_2/lib/gcc/9/gcc/x86_64-apple-darwin17/9.2.0]
    arg [-L/usr/local/Cellar/gcc/9.2.0_2/lib/gcc/9/gcc/x86_64-apple-darwin17/9.2.0/../../..] ==> dir [/usr/local/Cellar/gcc/9.2.0_2/lib/gcc/9/gcc/x86_64-apple-darwin17/9.2.0/../../..]
    arg [-search_paths_first] ==> ignore
    arg [-headerpad_max_install_names] ==> ignore
    arg [-v] ==> ignore
    arg [CMakeFiles/cmTC_2ec3e.dir/CMakeCXXCompilerABI.cpp.o] ==> ignore
    arg [-lstdc++] ==> lib [stdc++]
    arg [-no_compact_unwind] ==> ignore
    arg [-lSystem] ==> lib [System]
    arg [-lgcc_ext.10.5] ==> lib [gcc_ext.10.5]
    arg [-lgcc] ==> lib [gcc]
    arg [-lSystem] ==> lib [System]
    arg [-v] ==> ignore
  Library search paths: [;/usr/local/Cellar/gcc/9.2.0_2/lib/gcc/9/gcc/x86_64-apple-darwin17/9.2.0;/usr/local/Cellar/gcc/9.2.0_2/lib/gcc/9;/usr/lib;/usr/local/lib]
  Framework search paths: [;/Library/Frameworks/;/System/Library/Frameworks/]
  remove lib [System]
  remove lib [System]
  collapse library dir [/usr/local/Cellar/gcc/9.2.0_2/lib/gcc/9/gcc/x86_64-apple-darwin17/9.2.0] ==> [/usr/local/Cellar/gcc/9.2.0_2/lib/gcc/9/gcc/x86_64-apple-darwin17/9.2.0]
  collapse library dir [/usr/local/Cellar/gcc/9.2.0_2/lib/gcc/9/gcc/x86_64-apple-darwin17/9.2.0/../../..] ==> [/usr/local/Cellar/gcc/9.2.0_2/lib/gcc/9]
  collapse library dir [/usr/local/Cellar/gcc/9.2.0_2/lib/gcc/9/gcc/x86_64-apple-darwin17/9.2.0] ==> [/usr/local/Cellar/gcc/9.2.0_2/lib/gcc/9/gcc/x86_64-apple-darwin17/9.2.0]
  collapse library dir [/usr/local/Cellar/gcc/9.2.0_2/lib/gcc/9] ==> [/usr/local/Cellar/gcc/9.2.0_2/lib/gcc/9]
  collapse library dir [/usr/lib] ==> [/usr/lib]
  collapse library dir [/usr/local/lib] ==> [/usr/local/lib]
  collapse framework dir [/Library/Frameworks/] ==> [/Library/Frameworks]
  collapse framework dir [/System/Library/Frameworks/] ==> [/System/Library/Frameworks]
  implicit libs: [stdc++;gcc_ext.10.5;gcc]
  implicit dirs: [/usr/local/Cellar/gcc/9.2.0_2/lib/gcc/9/gcc/x86_64-apple-darwin17/9.2.0;/usr/local/Cellar/gcc/9.2.0_2/lib/gcc/9;/usr/lib;/usr/local/lib]
  implicit fwks: [/Library/Frameworks;/System/Library/Frameworks]




Detecting CXX [-std=c++2a] compiler features compiled with the following output:
Change Dir: /Users/zyd/Qt5.11.2/Project/Sliding/cmake-build-debug/CMakeFiles/CMakeTmp

Run Build Command(s):/usr/bin/make cmTC_5fef1/fast 
/Applications/Xcode.app/Contents/Developer/usr/bin/make -f CMakeFiles/cmTC_5fef1.dir/build.make CMakeFiles/cmTC_5fef1.dir/build
Building CXX object CMakeFiles/cmTC_5fef1.dir/feature_tests.cxx.o
/usr/local/bin/g++-9    -std=c++2a -o CMakeFiles/cmTC_5fef1.dir/feature_tests.cxx.o -c /Users/zyd/Qt5.11.2/Project/Sliding/cmake-build-debug/CMakeFiles/feature_tests.cxx
Linking CXX executable cmTC_5fef1
/Applications/CLion.app/Contents/bin/cmake/mac/bin/cmake -E cmake_link_script CMakeFiles/cmTC_5fef1.dir/link.txt --verbose=1
/usr/local/bin/g++-9    -Wl,-search_paths_first -Wl,-headerpad_max_install_names   CMakeFiles/cmTC_5fef1.dir/feature_tests.cxx.o  -o cmTC_5fef1 


    Feature record: CXX_FEATURE:1cxx_aggregate_default_initializers
    Feature record: CXX_FEATURE:1cxx_alias_templates
    Feature record: CXX_FEATURE:1cxx_alignas
    Feature record: CXX_FEATURE:1cxx_alignof
    Feature record: CXX_FEATURE:1cxx_attributes
    Feature record: CXX_FEATURE:1cxx_attribute_deprecated
    Feature record: CXX_FEATURE:1cxx_auto_type
    Feature record: CXX_FEATURE:1cxx_binary_literals
    Feature record: CXX_FEATURE:1cxx_constexpr
    Feature record: CXX_FEATURE:1cxx_contextual_conversions
    Feature record: CXX_FEATURE:1cxx_decltype
    Feature record: CXX_FEATURE:1cxx_decltype_auto
    Feature record: CXX_FEATURE:1cxx_decltype_incomplete_return_types
    Feature record: CXX_FEATURE:1cxx_default_function_template_args
    Feature record: CXX_FEATURE:1cxx_defaulted_functions
    Feature record: CXX_FEATURE:1cxx_defaulted_move_initializers
    Feature record: CXX_FEATURE:1cxx_delegating_constructors
    Feature record: CXX_FEATURE:1cxx_deleted_functions
    Feature record: CXX_FEATURE:1cxx_digit_separators
    Feature record: CXX_FEATURE:1cxx_enum_forward_declarations
    Feature record: CXX_FEATURE:1cxx_explicit_conversions
    Feature record: CXX_FEATURE:1cxx_extended_friend_declarations
    Feature record: CXX_FEATURE:1cxx_extern_templates
    Feature record: CXX_FEATURE:1cxx_final
    Feature record: CXX_FEATURE:1cxx_func_identifier
    Feature record: CXX_FEATURE:1cxx_generalized_initializers
    Feature record: CXX_FEATURE:1cxx_generic_lambdas
    Feature record: CXX_FEATURE:1cxx_inheriting_constructors
    Feature record: CXX_FEATURE:1cxx_inline_namespaces
    Feature record: CXX_FEATURE:1cxx_lambdas
    Feature record: CXX_FEATURE:1cxx_lambda_init_captures
    Feature record: CXX_FEATURE:1cxx_local_type_template_args
    Feature record: CXX_FEATURE:1cxx_long_long_type
    Feature record: CXX_FEATURE:1cxx_noexcept
    Feature record: CXX_FEATURE:1cxx_nonstatic_member_init
    Feature record: CXX_FEATURE:1cxx_nullptr
    Feature record: CXX_FEATURE:1cxx_override
    Feature record: CXX_FEATURE:1cxx_range_for
    Feature record: CXX_FEATURE:1cxx_raw_string_literals
    Feature record: CXX_FEATURE:1cxx_reference_qualified_functions
    Feature record: CXX_FEATURE:1cxx_relaxed_constexpr
    Feature record: CXX_FEATURE:1cxx_return_type_deduction
    Feature record: CXX_FEATURE:1cxx_right_angle_brackets
    Feature record: CXX_FEATURE:1cxx_rvalue_references
    Feature record: CXX_FEATURE:1cxx_sizeof_member
    Feature record: CXX_FEATURE:1cxx_static_assert
    Feature record: CXX_FEATURE:1cxx_strong_enums
    Feature record: CXX_FEATURE:1cxx_template_template_parameters
    Feature record: CXX_FEATURE:1cxx_thread_local
    Feature record: CXX_FEATURE:1cxx_trailing_return_types
    Feature record: CXX_FEATURE:1cxx_unicode_literals
    Feature record: CXX_FEATURE:1cxx_uniform_initialization
    Feature record: CXX_FEATURE:1cxx_unrestricted_unions
    Feature record: CXX_FEATURE:1cxx_user_literals
    Feature record: CXX_FEATURE:1cxx_variable_templates
    Feature record: CXX_FEATURE:1cxx_variadic_macros
    Feature record: CXX_FEATURE:1cxx_variadic_templates


Detecting CXX [-std=c++17] compiler features compiled with the following output:
Change Dir: /Users/zyd/Qt5.11.2/Project/Sliding/cmake-build-debug/CMakeFiles/CMakeTmp

Run Build Command(s):/usr/bin/make cmTC_14287/fast 
/Applications/Xcode.app/Contents/Developer/usr/bin/make -f CMakeFiles/cmTC_14287.dir/build.make CMakeFiles/cmTC_14287.dir/build
Building CXX object CMakeFiles/cmTC_14287.dir/feature_tests.cxx.o
/usr/local/bin/g++-9    -std=c++17 -o CMakeFiles/cmTC_14287.dir/feature_tests.cxx.o -c /Users/zyd/Qt5.11.2/Project/Sliding/cmake-build-debug/CMakeFiles/feature_tests.cxx
Linking CXX executable cmTC_14287
/Applications/CLion.app/Contents/bin/cmake/mac/bin/cmake -E cmake_link_script CMakeFiles/cmTC_14287.dir/link.txt --verbose=1
/usr/local/bin/g++-9    -Wl,-search_paths_first -Wl,-headerpad_max_install_names   CMakeFiles/cmTC_14287.dir/feature_tests.cxx.o  -o cmTC_14287 


    Feature record: CXX_FEATURE:1cxx_aggregate_default_initializers
    Feature record: CXX_FEATURE:1cxx_alias_templates
    Feature record: CXX_FEATURE:1cxx_alignas
    Feature record: CXX_FEATURE:1cxx_alignof
    Feature record: CXX_FEATURE:1cxx_attributes
    Feature record: CXX_FEATURE:1cxx_attribute_deprecated
    Feature record: CXX_FEATURE:1cxx_auto_type
    Feature record: CXX_FEATURE:1cxx_binary_literals
    Feature record: CXX_FEATURE:1cxx_constexpr
    Feature record: CXX_FEATURE:1cxx_contextual_conversions
    Feature record: CXX_FEATURE:1cxx_decltype
    Feature record: CXX_FEATURE:1cxx_decltype_auto
    Feature record: CXX_FEATURE:1cxx_decltype_incomplete_return_types
    Feature record: CXX_FEATURE:1cxx_default_function_template_args
    Feature record: CXX_FEATURE:1cxx_defaulted_functions
    Feature record: CXX_FEATURE:1cxx_defaulted_move_initializers
    Feature record: CXX_FEATURE:1cxx_delegating_constructors
    Feature record: CXX_FEATURE:1cxx_deleted_functions
    Feature record: CXX_FEATURE:1cxx_digit_separators
    Feature record: CXX_FEATURE:1cxx_enum_forward_declarations
    Feature record: CXX_FEATURE:1cxx_explicit_conversions
    Feature record: CXX_FEATURE:1cxx_extended_friend_declarations
    Feature record: CXX_FEATURE:1cxx_extern_templates
    Feature record: CXX_FEATURE:1cxx_final
    Feature record: CXX_FEATURE:1cxx_func_identifier
    Feature record: CXX_FEATURE:1cxx_generalized_initializers
    Feature record: CXX_FEATURE:1cxx_generic_lambdas
    Feature record: CXX_FEATURE:1cxx_inheriting_constructors
    Feature record: CXX_FEATURE:1cxx_inline_namespaces
    Feature record: CXX_FEATURE:1cxx_lambdas
    Feature record: CXX_FEATURE:1cxx_lambda_init_captures
    Feature record: CXX_FEATURE:1cxx_local_type_template_args
    Feature record: CXX_FEATURE:1cxx_long_long_type
    Feature record: CXX_FEATURE:1cxx_noexcept
    Feature record: CXX_FEATURE:1cxx_nonstatic_member_init
    Feature record: CXX_FEATURE:1cxx_nullptr
    Feature record: CXX_FEATURE:1cxx_override
    Feature record: CXX_FEATURE:1cxx_range_for
    Feature record: CXX_FEATURE:1cxx_raw_string_literals
    Feature record: CXX_FEATURE:1cxx_reference_qualified_functions
    Feature record: CXX_FEATURE:1cxx_relaxed_constexpr
    Feature record: CXX_FEATURE:1cxx_return_type_deduction
    Feature record: CXX_FEATURE:1cxx_right_angle_brackets
    Feature record: CXX_FEATURE:1cxx_rvalue_references
    Feature record: CXX_FEATURE:1cxx_sizeof_member
    Feature record: CXX_FEATURE:1cxx_static_assert
    Feature record: CXX_FEATURE:1cxx_strong_enums
    Feature record: CXX_FEATURE:1cxx_template_template_parameters
    Feature record: CXX_FEATURE:1cxx_thread_local
    Feature record: CXX_FEATURE:1cxx_trailing_return_types
    Feature record: CXX_FEATURE:1cxx_unicode_literals
    Feature record: CXX_FEATURE:1cxx_uniform_initialization
    Feature record: CXX_FEATURE:1cxx_unrestricted_unions
    Feature record: CXX_FEATURE:1cxx_user_literals
    Feature record: CXX_FEATURE:1cxx_variable_templates
    Feature record: CXX_FEATURE:1cxx_variadic_macros
    Feature record: CXX_FEATURE:1cxx_variadic_templates


Detecting CXX [-std=c++14] compiler features compiled with the following output:
Change Dir: /Users/zyd/Qt5.11.2/Project/Sliding/cmake-build-debug/CMakeFiles/CMakeTmp

Run Build Command(s):/usr/bin/make cmTC_6a6d5/fast 
/Applications/Xcode.app/Contents/Developer/usr/bin/make -f CMakeFiles/cmTC_6a6d5.dir/build.make CMakeFiles/cmTC_6a6d5.dir/build
Building CXX object CMakeFiles/cmTC_6a6d5.dir/feature_tests.cxx.o
/usr/local/bin/g++-9    -std=c++14 -o CMakeFiles/cmTC_6a6d5.dir/feature_tests.cxx.o -c /Users/zyd/Qt5.11.2/Project/Sliding/cmake-build-debug/CMakeFiles/feature_tests.cxx
Linking CXX executable cmTC_6a6d5
/Applications/CLion.app/Contents/bin/cmake/mac/bin/cmake -E cmake_link_script CMakeFiles/cmTC_6a6d5.dir/link.txt --verbose=1
/usr/local/bin/g++-9    -Wl,-search_paths_first -Wl,-headerpad_max_install_names   CMakeFiles/cmTC_6a6d5.dir/feature_tests.cxx.o  -o cmTC_6a6d5 


    Feature record: CXX_FEATURE:1cxx_aggregate_default_initializers
    Feature record: CXX_FEATURE:1cxx_alias_templates
    Feature record: CXX_FEATURE:1cxx_alignas
    Feature record: CXX_FEATURE:1cxx_alignof
    Feature record: CXX_FEATURE:1cxx_attributes
    Feature record: CXX_FEATURE:1cxx_attribute_deprecated
    Feature record: CXX_FEATURE:1cxx_auto_type
    Feature record: CXX_FEATURE:1cxx_binary_literals
    Feature record: CXX_FEATURE:1cxx_constexpr
    Feature record: CXX_FEATURE:1cxx_contextual_conversions
    Feature record: CXX_FEATURE:1cxx_decltype
    Feature record: CXX_FEATURE:1cxx_decltype_auto
    Feature record: CXX_FEATURE:1cxx_decltype_incomplete_return_types
    Feature record: CXX_FEATURE:1cxx_default_function_template_args
    Feature record: CXX_FEATURE:1cxx_defaulted_functions
    Feature record: CXX_FEATURE:1cxx_defaulted_move_initializers
    Feature record: CXX_FEATURE:1cxx_delegating_constructors
    Feature record: CXX_FEATURE:1cxx_deleted_functions
    Feature record: CXX_FEATURE:1cxx_digit_separators
    Feature record: CXX_FEATURE:1cxx_enum_forward_declarations
    Feature record: CXX_FEATURE:1cxx_explicit_conversions
    Feature record: CXX_FEATURE:1cxx_extended_friend_declarations
    Feature record: CXX_FEATURE:1cxx_extern_templates
    Feature record: CXX_FEATURE:1cxx_final
    Feature record: CXX_FEATURE:1cxx_func_identifier
    Feature record: CXX_FEATURE:1cxx_generalized_initializers
    Feature record: CXX_FEATURE:1cxx_generic_lambdas
    Feature record: CXX_FEATURE:1cxx_inheriting_constructors
    Feature record: CXX_FEATURE:1cxx_inline_namespaces
    Feature record: CXX_FEATURE:1cxx_lambdas
    Feature record: CXX_FEATURE:1cxx_lambda_init_captures
    Feature record: CXX_FEATURE:1cxx_local_type_template_args
    Feature record: CXX_FEATURE:1cxx_long_long_type
    Feature record: CXX_FEATURE:1cxx_noexcept
    Feature record: CXX_FEATURE:1cxx_nonstatic_member_init
    Feature record: CXX_FEATURE:1cxx_nullptr
    Feature record: CXX_FEATURE:1cxx_override
    Feature record: CXX_FEATURE:1cxx_range_for
    Feature record: CXX_FEATURE:1cxx_raw_string_literals
    Feature record: CXX_FEATURE:1cxx_reference_qualified_functions
    Feature record: CXX_FEATURE:1cxx_relaxed_constexpr
    Feature record: CXX_FEATURE:1cxx_return_type_deduction
    Feature record: CXX_FEATURE:1cxx_right_angle_brackets
    Feature record: CXX_FEATURE:1cxx_rvalue_references
    Feature record: CXX_FEATURE:1cxx_sizeof_member
    Feature record: CXX_FEATURE:1cxx_static_assert
    Feature record: CXX_FEATURE:1cxx_strong_enums
    Feature record: CXX_FEATURE:1cxx_template_template_parameters
    Feature record: CXX_FEATURE:1cxx_thread_local
    Feature record: CXX_FEATURE:1cxx_trailing_return_types
    Feature record: CXX_FEATURE:1cxx_unicode_literals
    Feature record: CXX_FEATURE:1cxx_uniform_initialization
    Feature record: CXX_FEATURE:1cxx_unrestricted_unions
    Feature record: CXX_FEATURE:1cxx_user_literals
    Feature record: CXX_FEATURE:1cxx_variable_templates
    Feature record: CXX_FEATURE:1cxx_variadic_macros
    Feature record: CXX_FEATURE:1cxx_variadic_templates


Detecting CXX [-std=c++11] compiler features compiled with the following output:
Change Dir: /Users/zyd/Qt5.11.2/Project/Sliding/cmake-build-debug/CMakeFiles/CMakeTmp

Run Build Command(s):/usr/bin/make cmTC_77596/fast 
/Applications/Xcode.app/Contents/Developer/usr/bin/make -f CMakeFiles/cmTC_77596.dir/build.make CMakeFiles/cmTC_77596.dir/build
Building CXX object CMakeFiles/cmTC_77596.dir/feature_tests.cxx.o
/usr/local/bin/g++-9    -std=c++11 -o CMakeFiles/cmTC_77596.dir/feature_tests.cxx.o -c /Users/zyd/Qt5.11.2/Project/Sliding/cmake-build-debug/CMakeFiles/feature_tests.cxx
Linking CXX executable cmTC_77596
/Applications/CLion.app/Contents/bin/cmake/mac/bin/cmake -E cmake_link_script CMakeFiles/cmTC_77596.dir/link.txt --verbose=1
/usr/local/bin/g++-9    -Wl,-search_paths_first -Wl,-headerpad_max_install_names   CMakeFiles/cmTC_77596.dir/feature_tests.cxx.o  -o cmTC_77596 


    Feature record: CXX_FEATURE:0cxx_aggregate_default_initializers
    Feature record: CXX_FEATURE:1cxx_alias_templates
    Feature record: CXX_FEATURE:1cxx_alignas
    Feature record: CXX_FEATURE:1cxx_alignof
    Feature record: CXX_FEATURE:1cxx_attributes
    Feature record: CXX_FEATURE:0cxx_attribute_deprecated
    Feature record: CXX_FEATURE:1cxx_auto_type
    Feature record: CXX_FEATURE:0cxx_binary_literals
    Feature record: CXX_FEATURE:1cxx_constexpr
    Feature record: CXX_FEATURE:0cxx_contextual_conversions
    Feature record: CXX_FEATURE:1cxx_decltype
    Feature record: CXX_FEATURE:0cxx_decltype_auto
    Feature record: CXX_FEATURE:1cxx_decltype_incomplete_return_types
    Feature record: CXX_FEATURE:1cxx_default_function_template_args
    Feature record: CXX_FEATURE:1cxx_defaulted_functions
    Feature record: CXX_FEATURE:1cxx_defaulted_move_initializers
    Feature record: CXX_FEATURE:1cxx_delegating_constructors
    Feature record: CXX_FEATURE:1cxx_deleted_functions
    Feature record: CXX_FEATURE:0cxx_digit_separators
    Feature record: CXX_FEATURE:1cxx_enum_forward_declarations
    Feature record: CXX_FEATURE:1cxx_explicit_conversions
    Feature record: CXX_FEATURE:1cxx_extended_friend_declarations
    Feature record: CXX_FEATURE:1cxx_extern_templates
    Feature record: CXX_FEATURE:1cxx_final
    Feature record: CXX_FEATURE:1cxx_func_identifier
    Feature record: CXX_FEATURE:1cxx_generalized_initializers
    Feature record: CXX_FEATURE:0cxx_generic_lambdas
    Feature record: CXX_FEATURE:1cxx_inheriting_constructors
    Feature record: CXX_FEATURE:1cxx_inline_namespaces
    Feature record: CXX_FEATURE:1cxx_lambdas
    Feature record: CXX_FEATURE:0cxx_lambda_init_captures
    Feature record: CXX_FEATURE:1cxx_local_type_template_args
    Feature record: CXX_FEATURE:1cxx_long_long_type
    Feature record: CXX_FEATURE:1cxx_noexcept
    Feature record: CXX_FEATURE:1cxx_nonstatic_member_init
    Feature record: CXX_FEATURE:1cxx_nullptr
    Feature record: CXX_FEATURE:1cxx_override
    Feature record: CXX_FEATURE:1cxx_range_for
    Feature record: CXX_FEATURE:1cxx_raw_string_literals
    Feature record: CXX_FEATURE:1cxx_reference_qualified_functions
    Feature record: CXX_FEATURE:0cxx_relaxed_constexpr
    Feature record: CXX_FEATURE:0cxx_return_type_deduction
    Feature record: CXX_FEATURE:1cxx_right_angle_brackets
    Feature record: CXX_FEATURE:1cxx_rvalue_references
    Feature record: CXX_FEATURE:1cxx_sizeof_member
    Feature record: CXX_FEATURE:1cxx_static_assert
    Feature record: CXX_FEATURE:1cxx_strong_enums
    Feature record: CXX_FEATURE:1cxx_template_template_parameters
    Feature record: CXX_FEATURE:1cxx_thread_local
    Feature record: CXX_FEATURE:1cxx_trailing_return_types
    Feature record: CXX_FEATURE:1cxx_unicode_literals
    Feature record: CXX_FEATURE:1cxx_uniform_initialization
    Feature record: CXX_FEATURE:1cxx_unrestricted_unions
    Feature record: CXX_FEATURE:1cxx_user_literals
    Feature record: CXX_FEATURE:0cxx_variable_templates
    Feature record: CXX_FEATURE:1cxx_variadic_macros
    Feature record: CXX_FEATURE:1cxx_variadic_templates


Detecting CXX [-std=c++98] compiler features compiled with the following output:
Change Dir: /Users/zyd/Qt5.11.2/Project/Sliding/cmake-build-debug/CMakeFiles/CMakeTmp

Run Build Command(s):/usr/bin/make cmTC_dcf85/fast 
/Applications/Xcode.app/Contents/Developer/usr/bin/make -f CMakeFiles/cmTC_dcf85.dir/build.make CMakeFiles/cmTC_dcf85.dir/build
Building CXX object CMakeFiles/cmTC_dcf85.dir/feature_tests.cxx.o
/usr/local/bin/g++-9    -std=c++98 -o CMakeFiles/cmTC_dcf85.dir/feature_tests.cxx.o -c /Users/zyd/Qt5.11.2/Project/Sliding/cmake-build-debug/CMakeFiles/feature_tests.cxx
Linking CXX executable cmTC_dcf85
/Applications/CLion.app/Contents/bin/cmake/mac/bin/cmake -E cmake_link_script CMakeFiles/cmTC_dcf85.dir/link.txt --verbose=1
/usr/local/bin/g++-9    -Wl,-search_paths_first -Wl,-headerpad_max_install_names   CMakeFiles/cmTC_dcf85.dir/feature_tests.cxx.o  -o cmTC_dcf85 


    Feature record: CXX_FEATURE:0cxx_aggregate_default_initializers
    Feature record: CXX_FEATURE:0cxx_alias_templates
    Feature record: CXX_FEATURE:0cxx_alignas
    Feature record: CXX_FEATURE:0cxx_alignof
    Feature record: CXX_FEATURE:0cxx_attributes
    Feature record: CXX_FEATURE:0cxx_attribute_deprecated
    Feature record: CXX_FEATURE:0cxx_auto_type
    Feature record: CXX_FEATURE:0cxx_binary_literals
    Feature record: CXX_FEATURE:0cxx_constexpr
    Feature record: CXX_FEATURE:0cxx_contextual_conversions
    Feature record: CXX_FEATURE:0cxx_decltype
    Feature record: CXX_FEATURE:0cxx_decltype_auto
    Feature record: CXX_FEATURE:0cxx_decltype_incomplete_return_types
    Feature record: CXX_FEATURE:0cxx_default_function_template_args
    Feature record: CXX_FEATURE:0cxx_defaulted_functions
    Feature record: CXX_FEATURE:0cxx_defaulted_move_initializers
    Feature record: CXX_FEATURE:0cxx_delegating_constructors
    Feature record: CXX_FEATURE:0cxx_deleted_functions
    Feature record: CXX_FEATURE:0cxx_digit_separators
    Feature record: CXX_FEATURE:0cxx_enum_forward_declarations
    Feature record: CXX_FEATURE:0cxx_explicit_conversions
    Feature record: CXX_FEATURE:0cxx_extended_friend_declarations
    Feature record: CXX_FEATURE:0cxx_extern_templates
    Feature record: CXX_FEATURE:0cxx_final
    Feature record: CXX_FEATURE:0cxx_func_identifier
    Feature record: CXX_FEATURE:0cxx_generalized_initializers
    Feature record: CXX_FEATURE:0cxx_generic_lambdas
    Feature record: CXX_FEATURE:0cxx_inheriting_constructors
    Feature record: CXX_FEATURE:0cxx_inline_namespaces
    Feature record: CXX_FEATURE:0cxx_lambdas
    Feature record: CXX_FEATURE:0cxx_lambda_init_captures
    Feature record: CXX_FEATURE:0cxx_local_type_template_args
    Feature record: CXX_FEATURE:0cxx_long_long_type
    Feature record: CXX_FEATURE:0cxx_noexcept
    Feature record: CXX_FEATURE:0cxx_nonstatic_member_init
    Feature record: CXX_FEATURE:0cxx_nullptr
    Feature record: CXX_FEATURE:0cxx_override
    Feature record: CXX_FEATURE:0cxx_range_for
    Feature record: CXX_FEATURE:0cxx_raw_string_literals
    Feature record: CXX_FEATURE:0cxx_reference_qualified_functions
    Feature record: CXX_FEATURE:0cxx_relaxed_constexpr
    Feature record: CXX_FEATURE:0cxx_return_type_deduction
    Feature record: CXX_FEATURE:0cxx_right_angle_brackets
    Feature record: CXX_FEATURE:0cxx_rvalue_references
    Feature record: CXX_FEATURE:0cxx_sizeof_member
    Feature record: CXX_FEATURE:0cxx_static_assert
    Feature record: CXX_FEATURE:0cxx_strong_enums
    Feature record: CXX_FEATURE:1cxx_template_template_parameters
    Feature record: CXX_FEATURE:0cxx_thread_local
    Feature record: CXX_FEATURE:0cxx_trailing_return_types
    Feature record: CXX_FEATURE:0cxx_unicode_literals
    Feature record: CXX_FEATURE:0cxx_uniform_initialization
    Feature record: CXX_FEATURE:0cxx_unrestricted_unions
    Feature record: CXX_FEATURE:0cxx_user_literals
    Feature record: CXX_FEATURE:0cxx_variable_templates
    Feature record: CXX_FEATURE:0cxx_variadic_macros
    Feature record: CXX_FEATURE:0cxx_variadic_templates
